18:43:38: Creating resource group General
18:43:38: Creating resource group Internal
18:43:38: Creating resource group Autodetect
18:43:38: SceneManagerFactory for type 'DefaultSceneManager' registered.
18:43:38: Registering ResourceManager for type Material
18:43:38: Registering ResourceManager for type Mesh
18:43:38: Registering ResourceManager for type Skeleton
18:43:38: MovableObjectFactory for type 'ParticleSystem' registered.
18:43:38: OverlayElementFactory for type Panel registered.
18:43:38: OverlayElementFactory for type BorderPanel registered.
18:43:38: OverlayElementFactory for type TextArea registered.
18:43:38: Registering ResourceManager for type Font
18:43:38: ArchiveFactory for archive type FileSystem registered.
18:43:38: ArchiveFactory for archive type Zip registered.
18:43:38: FreeImage version: 3.9.3
18:43:38: This program uses FreeImage, a free, open source image library supporting all common bitmap formats. See http://freeimage.sourceforge.net for details
18:43:38: Supported formats: bmp,ico,jpg,jif,jpeg,jpe,jng,koa,iff,lbm,mng,pbm,pbm,pcd,pcx,pgm,pgm,png,ppm,ppm,ras,tga,targa,tif,tiff,wap,wbmp,wbm,psd,cut,xbm,xpm,gif,hdr,g3,sgi
18:43:38: DDS codec registering
18:43:38: Registering ResourceManager for type HighLevelGpuProgram
18:43:38: Registering ResourceManager for type Compositor
18:43:38: MovableObjectFactory for type 'Entity' registered.
18:43:38: MovableObjectFactory for type 'Light' registered.
18:43:38: MovableObjectFactory for type 'BillboardSet' registered.
18:43:38: MovableObjectFactory for type 'ManualObject' registered.
18:43:38: MovableObjectFactory for type 'BillboardChain' registered.
18:43:38: MovableObjectFactory for type 'RibbonTrail' registered.
18:43:38: Loading library plugins\RenderSystem_Direct3D9_d
18:43:38: Installing plugin: D3D9 RenderSystem
18:43:38: D3D9 : Direct3D9 Rendering Subsystem created.
18:43:38: D3D9: Driver Detection Starts
18:43:38: D3D9: Driver Detection Ends
18:43:38: Plugin successfully installed
18:43:38: Loading library plugins\RenderSystem_GL_d
18:43:38: Installing plugin: GL RenderSystem
18:43:38: OpenGL Rendering Subsystem created.
18:43:38: Plugin successfully installed
18:43:38: Loading library plugins\Plugin_ParticleFX_d
18:43:38: Installing plugin: ParticleFX
18:43:38: Particle Emitter Type 'Point' registered
18:43:38: Particle Emitter Type 'Box' registered
18:43:38: Particle Emitter Type 'Ellipsoid' registered
18:43:38: Particle Emitter Type 'Cylinder' registered
18:43:38: Particle Emitter Type 'Ring' registered
18:43:38: Particle Emitter Type 'HollowEllipsoid' registered
18:43:38: Particle Affector Type 'LinearForce' registered
18:43:38: Particle Affector Type 'ColourFader' registered
18:43:38: Particle Affector Type 'ColourFader2' registered
18:43:38: Particle Affector Type 'ColourImage' registered
18:43:38: Particle Affector Type 'ColourInterpolator' registered
18:43:38: Particle Affector Type 'Scaler' registered
18:43:38: Particle Affector Type 'Rotator' registered
18:43:38: Particle Affector Type 'DirectionRandomiser' registered
18:43:38: Particle Affector Type 'DeflectorPlane' registered
18:43:38: Plugin successfully installed
18:43:38: Loading library plugins\Plugin_BSPSceneManager_d
18:43:38: Installing plugin: BSP Scene Manager
18:43:38: Plugin successfully installed
18:43:38: Loading library plugins\Plugin_OctreeSceneManager_d
18:43:38: Installing plugin: Octree & Terrain Scene Manager
18:43:38: Plugin successfully installed
18:43:38: Loading library plugins\Plugin_CgProgramManager_d
18:43:38: Installing plugin: Cg Program Manager
18:43:39: Plugin successfully installed
18:43:39: *-*-* OGRE Initialising
18:43:39: *-*-* Version 1.4.5 (Eihort)
18:43:39: Added resource location 'media' of type 'FileSystem' to resource group 'General'
18:43:39: Added resource location 'media/fonts' of type 'FileSystem' to resource group 'General'
18:43:39: Added resource location 'media/materials/programs' of type 'FileSystem' to resource group 'General'
18:43:39: Added resource location 'media/materials/scripts' of type 'FileSystem' to resource group 'General'
18:43:39: Added resource location 'media/materials/textures' of type 'FileSystem' to resource group 'General'
18:43:39: Added resource location 'media/models' of type 'FileSystem' to resource group 'General'
18:43:39: CPU Identifier & Features
18:43:39: -------------------------
18:43:39:  *   CPU ID: GenuineIntel: Intel(R) Core(TM)2 CPU         T7200  @ 2.00GHz
18:43:39:  *      SSE: yes
18:43:39:  *     SSE2: yes
18:43:39:  *     SSE3: yes
18:43:39:  *      MMX: yes
18:43:39:  *   MMXEXT: yes
18:43:39:  *    3DNOW: no
18:43:39:  * 3DNOWEXT: no
18:43:39:  *     CMOV: yes
18:43:39:  *      TSC: yes
18:43:39:  *      FPU: yes
18:43:39:  *      PRO: yes
18:43:39:  *       HT: no
18:43:39: -------------------------
18:43:39: *** Starting Win32GL Subsystem ***
18:43:39: GLRenderSystem::createRenderWindow "OGRE Render Window", 640x480 windowed  miscParams: FSAA=6 colourDepth=32 displayFrequency=0 vsync=false 
18:43:39: Created Win32Window 'OGRE Render Window' : 640x480, 32bpp
18:43:39: GL_VERSION = 2.1.1
18:43:39: GL_VENDOR = NVIDIA Corporation
18:43:39: GL_RENDERER = Quadro FX 2500M/PCI/SSE2
18:43:39: GL_EXTENSIONS = GL_ARB_color_buffer_float GL_ARB_depth_texture GL_ARB_draw_buffers GL_ARB_fragment_program GL_ARB_fragment_program_shadow GL_ARB_fragment_shader GL_ARB_half_float_pixel GL_ARB_imaging GL_ARB_multisample GL_ARB_multitexture GL_ARB_occlusion_query GL_ARB_pixel_buffer_object GL_ARB_point_parameters GL_ARB_point_sprite GL_ARB_shadow GL_ARB_shader_objects GL_ARB_shading_language_100 GL_ARB_texture_border_clamp GL_ARB_texture_compression GL_ARB_texture_cube_map GL_ARB_texture_env_add GL_ARB_texture_env_combine GL_ARB_texture_env_dot3 GL_ARB_texture_float GL_ARB_texture_mirrored_repeat GL_ARB_texture_non_power_of_two GL_ARB_texture_rectangle GL_ARB_transpose_matrix GL_ARB_vertex_buffer_object GL_ARB_vertex_program GL_ARB_vertex_shader GL_ARB_window_pos GL_ATI_draw_buffers GL_ATI_texture_float GL_ATI_texture_mirror_once GL_S3_s3tc GL_EXT_texture_env_add GL_EXT_abgr GL_EXT_bgra GL_EXT_blend_color GL_EXT_blend_equation_separate GL_EXT_blend_func_separate GL_EXT_blend_minmax GL_EXT_blend_subtract GL_EXT_compiled_vertex_array GL_EXT_Cg_shader GL_EXT_depth_bounds_test GL_EXT_draw_range_elements GL_EXT_fog_coord GL_EXT_framebuffer_blit GL_EXT_framebuffer_multisample GL_EXT_framebuffer_object GL_EXT_gpu_program_parameters GL_EXT_multi_draw_arrays GL_EXT_packed_depth_stencil GL_EXT_packed_pixels GL_EXT_pixel_buffer_object GL_EXT_point_parameters GL_EXT_rescale_normal GL_EXT_secondary_color GL_EXT_separate_specular_color GL_EXT_shadow_funcs GL_EXT_stencil_two_side GL_EXT_stencil_wrap GL_EXT_texture3D GL_EXT_texture_compression_s3tc GL_EXT_texture_cube_map GL_EXT_texture_edge_clamp GL_EXT_texture_env_combine GL_EXT_texture_env_dot3 GL_EXT_texture_filter_anisotropic GL_EXT_texture_lod GL_EXT_texture_lod_bias GL_EXT_texture_mirror_clamp GL_EXT_texture_object GL_EXT_texture_sRGB GL_EXT_timer_query GL_EXT_vertex_array GL_IBM_rasterpos_clip GL_IBM_texture_mirrored_repeat GL_KTX_buffer_region GL_NV_blend_square GL_NV_copy_depth_to_color GL_NV_depth_clamp GL_NV_fence GL_NV_float_buffer GL_NV_fog_distance GL_NV_fragment_program GL_NV_fragment_program_option GL_NV_fragment_program2 GL_NV_framebuffer_multisample_coverage GL_NV_half_float GL_NV_light_max_exponent GL_NV_multisample_filter_hint GL_NV_occlusion_query GL_NV_packed_depth_stencil GL_NV_pixel_data_range GL_NV_point_sprite GL_NV_primitive_restart GL_NV_register_combiners GL_NV_register_combiners2 GL_NV_texgen_reflection GL_NV_texture_compression_vtc GL_NV_texture_env_combine4 GL_NV_texture_expand_normal GL_NV_texture_rectangle GL_NV_texture_shader GL_NV_texture_shader2 GL_NV_texture_shader3 GL_NV_vertex_array_range GL_NV_vertex_array_range2 GL_NV_vertex_program GL_NV_vertex_program1_1 GL_NV_vertex_program2 GL_NV_vertex_program2_option GL_NV_vertex_program3 GL_NVX_conditional_render GL_SGIS_generate_mipmap GL_SGIS_texture_lod GL_SGIX_depth_texture GL_SGIX_shadow GL_SUN_slice_accum GL_WIN_swap_hint WGL_EXT_swap_control GL_Autodesk_valid_back_buffer_hint 
18:43:39: Supported WGL extensions: WGL_ARB_buffer_region WGL_ARB_extensions_string WGL_ARB_make_current_read WGL_ARB_multisample WGL_ARB_pbuffer WGL_ARB_pixel_format WGL_ARB_pixel_format_float WGL_ARB_render_texture WGL_ATI_pixel_format_float WGL_EXT_extensions_string WGL_EXT_swap_control WGL_I3D_genlock WGL_NV_float_buffer WGL_NV_gpu_affinity WGL_NV_render_depth_texture WGL_NV_render_texture_rectangle WGL_NV_swap_group 
18:43:39: ***************************
18:43:39: *** GL Renderer Started ***
18:43:39: ***************************
18:43:39: Registering ResourceManager for type GpuProgram
18:43:39: GLSL support detected
18:43:39: GL: Using GL_EXT_framebuffer_object for rendering to textures (best)
18:43:39: FBO PF_UNKNOWN depth/stencil support: D16S0 D24S0 D32S0 Packed-D24S8 
18:43:39: FBO PF_R5G6B5 depth/stencil support: D0S0 D16S0 
18:43:39: FBO PF_B5G6R5 depth/stencil support: D0S0 D16S0 
18:43:39: FBO PF_R8G8B8 depth/stencil support: D0S0 D24S0 D32S0 Packed-D24S8 
18:43:39: FBO PF_B8G8R8 depth/stencil support: D0S0 D24S0 D32S0 Packed-D24S8 
18:43:39: FBO PF_A8R8G8B8 depth/stencil support: D0S0 D24S0 D32S0 Packed-D24S8 
18:43:39: FBO PF_B8G8R8A8 depth/stencil support: D0S0 D24S0 D32S0 Packed-D24S8 
18:43:39: FBO PF_A2R10G10B10 depth/stencil support: D0S0 D24S0 D32S0 Packed-D24S8 
18:43:39: FBO PF_A2B10G10R10 depth/stencil support: D0S0 D24S0 D32S0 Packed-D24S8 
18:43:39: FBO PF_FLOAT16_RGB depth/stencil support: D0S0 D24S0 D32S0 Packed-D24S8 
18:43:39: FBO PF_FLOAT16_RGBA depth/stencil support: D0S0 D24S0 D32S0 Packed-D24S8 
18:43:39: FBO PF_FLOAT32_RGB depth/stencil support: D0S0 D24S0 D32S0 Packed-D24S8 
18:43:39: FBO PF_FLOAT32_RGBA depth/stencil support: D0S0 D24S0 D32S0 Packed-D24S8 
18:43:39: FBO PF_X8R8G8B8 depth/stencil support: D0S0 D24S0 D32S0 Packed-D24S8 
18:43:39: FBO PF_X8B8G8R8 depth/stencil support: D0S0 D24S0 D32S0 Packed-D24S8 
18:43:39: FBO PF_SHORT_RGBA depth/stencil support: D0S0 D24S0 D32S0 Packed-D24S8 
18:43:39: FBO PF_R3G3B2 depth/stencil support: D0S0 D16S0 
18:43:39: FBO PF_SHORT_RGB depth/stencil support: D0S0 D24S0 D32S0 Packed-D24S8 
18:43:39: [GL] : Valid FBO targets PF_UNKNOWN PF_R5G6B5 PF_B5G6R5 PF_R8G8B8 PF_B8G8R8 PF_A8R8G8B8 PF_B8G8R8A8 PF_A2R10G10B10 PF_A2B10G10R10 PF_FLOAT16_RGB PF_FLOAT16_RGBA PF_FLOAT32_RGB PF_FLOAT32_RGBA PF_X8R8G8B8 PF_X8B8G8R8 PF_SHORT_RGBA PF_R3G3B2 PF_SHORT_RGB 
18:43:39: RenderSystem capabilities
18:43:39: -------------------------
18:43:39:  * Hardware generation of mipmaps: yes
18:43:39:  * Texture blending: yes
18:43:39:  * Anisotropic texture filtering: yes
18:43:39:  * Dot product texture operation: yes
18:43:39:  * Cube mapping: yes
18:43:39:  * Hardware stencil buffer: yes
18:43:39:    - Stencil depth: 8
18:43:39:    - Two sided stencil support: yes
18:43:39:    - Wrap stencil values: yes
18:43:39:  * Hardware vertex / index buffers: yes
18:43:39:  * Vertex programs: yes
18:43:39:    - Max vertex program version: vp40
18:43:39:  * Fragment programs: yes
18:43:39:    - Max fragment program version: fp40
18:43:39:  * Texture Compression: yes
18:43:39:    - DXT: yes
18:43:39:    - VTC: yes
18:43:39:  * Scissor Rectangle: yes
18:43:39:  * Hardware Occlusion Query: yes
18:43:39:  * User clip planes: yes
18:43:39:  * VET_UBYTE4 vertex element type: yes
18:43:39:  * Infinite far plane projection: yes
18:43:39:  * Hardware render-to-texture: yes
18:43:39:  * Floating point textures: yes
18:43:39:  * Non-power-of-two textures: yes
18:43:39:  * Volume textures: yes
18:43:39:  * Multiple Render Targets: 4
18:43:39:  * Point Sprites: yes
18:43:39:  * Extended point parameters: yes
18:43:39:  * Max Point Size: 63.375
18:43:39:  * Vertex texture fetch: yes
18:43:39:    - Max vertex textures: 4
18:43:39:    - Vertex textures shared: yes
18:43:39: Registering ResourceManager for type Texture
18:43:39: Using FSAA from GL_ARB_multisample extension.
18:43:39: ResourceBackgroundQueue - threading disabled
18:43:39: Particle Renderer Type 'billboard' registered
18:43:39: SceneManagerFactory for type 'BspSceneManager' registered.
18:43:39: Registering ResourceManager for type BspLevel
18:43:39: SceneManagerFactory for type 'OctreeSceneManager' registered.
18:43:39: SceneManagerFactory for type 'TerrainSceneManager' registered.
18:43:39: Creating viewport on target 'OGRE Render Window', rendering from camera 'PlayerCam', relative dimensions L: 0.00 T: 0.00 W: 1.00 H: 1.00 ZOrder: 0
18:43:39: Parsing scripts for resource group Autodetect
18:43:39: Finished parsing scripts for resource group Autodetect
18:43:39: Parsing scripts for resource group General
18:43:39: Parsing script Examples.program
18:43:39: GLSL compiling: Ogre/BasicVertexPrograms/AmbientOneTextureGLSL
18:43:39: GLSL compiled : Ogre/BasicVertexPrograms/AmbientOneTextureGLSL
18:43:39: GLSL compiling: Ogre/HardwareSkinningTwoWeightsGLSL
18:43:39: GLSL compiled : Ogre/HardwareSkinningTwoWeightsGLSL
18:43:39: Parsing script console.material
18:43:39: Parsing script Example.material
18:43:39: Parsing script console.fontdef
18:43:39: Finished parsing scripts for resource group General
18:43:39: Parsing scripts for resource group Internal
18:43:39: Finished parsing scripts for resource group Internal
18:43:39: WARNING: Mesh instance 'GrassBladesMesh' was defined as manually loaded, but no manual loader was provided. This Resource will be lost if it has to be reloaded.
18:43:39: Mesh: Loading robot.mesh.
18:43:39: Skeleton: Loading robot.skeleton
18:43:39: Texture: r2skin.jpg: Loading 1 faces(PF_R8G8B8,512x512x1) with 5 hardware generated mipmaps from Image. Internal format is PF_X8R8G8B8,512x512x1.
18:43:39: Texture: grass_1024.jpg: Loading 1 faces(PF_R8G8B8,1024x1024x1) with 5 hardware generated mipmaps from Image. Internal format is PF_X8R8G8B8,1024x1024x1.
18:43:39: Texture: gras_02.png: Loading 1 faces(PF_A8R8G8B8,256x256x1) with 5 hardware generated mipmaps from Image. Internal format is PF_A8R8G8B8,256x256x1.
18:43:40: Font Consoleusing texture size 512x256
18:43:40: Info: Freetype returned null for character 141 in font Console
18:43:40: Info: Freetype returned null for character 160 in font Console
18:43:40: Texture: ConsoleTexture: Loading 1 faces(PF_BYTE_LA,512x256x1) with  hardware generated mipmaps from Image. Internal format is PF_BYTE_LA,512x256x1.
